<?xml version="1.0" encoding="UTF-8"?>
<testng-results skipped="0" failed="0" total="1" passed="1">
  <reporter-output>
  </reporter-output>
  <suite name="com.qh.cucumber.testProject.RunTest" duration-ms="24195" started-at="2017-04-25T22:52:27Z" finished-at="2017-04-25T22:52:52Z">
    <groups>
      <group name="cucumber">
        <method signature="AbstractTestNGCucumberTests.feature(cucumber.api.testng.CucumberFeatureWrapper)[pri:0, instance:com.qh.cucumber.testProject.RunTest@3dd3bcd]" name="feature" class="cucumber.api.testng.AbstractTestNGCucumberTests"/>
      </group> <!-- cucumber -->
    </groups>
    <test name="Command line test" duration-ms="24195" started-at="2017-04-25T22:52:27Z" finished-at="2017-04-25T22:52:52Z">
      <class name="com.qh.cucumber.testProject.RunTest">
        <test-method status="PASS" signature="setUpClass()[pri:0, instance:com.qh.cucumber.testProject.RunTest@3dd3bcd]" name="setUpClass" is-config="true" duration-ms="186" started-at="2017-04-25T18:52:27Z" finished-at="2017-04-25T18:52:28Z">
          <reporter-output>
          </reporter-output>
        </test-method> <!-- setUpClass -->
        <test-method status="PASS" signature="feature(cucumber.api.testng.CucumberFeatureWrapper)[pri:0, instance:com.qh.cucumber.testProject.RunTest@3dd3bcd]" name="feature" duration-ms="23897" started-at="2017-04-25T18:52:28Z" description="Runs Cucumber Feature" data-provider="features" finished-at="2017-04-25T18:52:52Z">
          <params>
            <param index="0">
              <value>
                <![CDATA[Edit Phone number in Eligibility]]>
              </value>
            </param>
          </params>
          <reporter-output>
          </reporter-output>
        </test-method> <!-- feature -->
        <test-method status="PASS" signature="tearDownClass()[pri:0, instance:com.qh.cucumber.testProject.RunTest@3dd3bcd]" name="tearDownClass" is-config="true" duration-ms="45" started-at="2017-04-25T18:52:52Z" finished-at="2017-04-25T18:52:52Z">
          <reporter-output>
          </reporter-output>
        </test-method> <!-- tearDownClass -->
      </class> <!-- com.qh.cucumber.testProject.RunTest -->
    </test> <!-- Command line test -->
  </suite> <!-- com.qh.cucumber.testProject.RunTest -->
</testng-results>
